<?xml version="1.0" encoding="UTF-8"?>
<!-- Generated by org.testng.reporters.JUnitReportReporter -->
<testsuite hostname="DESKTOP-JQMCIDH" failures="0" tests="1" name="orangeHCMAutomation.testcases.TC1_ValidLoginValidation" time="16.910" errors="0" timestamp="2021-11-30T09:25:16 IST" skipped="0">
  <testcase classname="orangeHCMAutomation.testcases.TC1_ValidLoginValidation" name="test" time="16.910"/>
  <system-out/>
</testsuite> <!-- orangeHCMAutomation.testcases.TC1_ValidLoginValidation -->
