<?xml version="1.0" encoding="UTF-8"?>
<!-- Generated by org.testng.reporters.JUnitReportReporter -->
<testsuite hostname="DESKTOP-JQMCIDH" failures="0" tests="1" name="test.TestClass" time="0.073" errors="0" timestamp="2021-11-26T09:22:43 IST" skipped="0">
  <testcase classname="test.TestClass" name="test1" time="0.073"/>
  <system-out/>
</testsuite> <!-- test.TestClass -->
